<?xml version="1.0" encoding="UTF-8"?>
<!-- Generated by org.testng.reporters.JUnitReportReporter -->
<testsuite hostname="LAPTOP-J2TF772B" failures="0" tests="1" name="com.demoonline.tests.CompleteTest" time="58.105" errors="0" timestamp="2020-10-31T17:44:05 IST" skipped="0">
  <testcase classname="com.demoonline.tests.CompleteTest" name="addToCart" time="58.105"/>
  <system-out/>
</testsuite> <!-- com.demoonline.tests.CompleteTest -->
